<?xml version="1.0" encoding="UTF-8"?>
<testng-results ignored="0" total="1" passed="1" failed="0" skipped="0">
  <reporter-output>
  </reporter-output>
  <suite started-at="2022-07-13T13:25:21Z" name="web_testNG" finished-at="2022-07-13T13:25:26Z" duration-ms="5129">
    <groups>
    </groups>
    <test started-at="2022-07-13T13:25:21Z" name="TE AutoMation" finished-at="2022-07-13T13:25:26Z" duration-ms="5129">
      <class name="Modules.TE.Desktop.TestScript.English.PDP.TC_TE_SHOPPING_CART_REG">
        <test-method is-config="true" signature="script(java.lang.String, java.lang.String, java.lang.String, java.lang.String, java.lang.String, java.lang.String, java.lang.String, java.lang.String, java.lang.String, java.lang.String, org.testng.ITestContext)[pri:0, instance:Modules.TE.Desktop.TestScript.English.PDP.TC_TE_SHOPPING_CART_REG@50029372]" started-at="2022-07-13T18:55:21Z" name="script" finished-at="2022-07-13T18:55:22Z" duration-ms="302" status="PASS">
          <params>
            <param index="0">
              <value>
                <![CDATA[xyz]]>
              </value>
            </param>
            <param index="1">
              <value>
                <![CDATA[chrome]]>
              </value>
            </param>
            <param index="2">
              <value>
                <![CDATA[54.0]]>
              </value>
            </param>
            <param index="3">
              <value>
                <![CDATA[Windows]]>
              </value>
            </param>
            <param index="4">
              <value>
                <![CDATA[7]]>
              </value>
            </param>
            <param index="5">
              <value>
                <![CDATA[1024x768]]>
              </value>
            </param>
            <param index="6">
              <value>
                <![CDATA[192.168.1.70]]>
              </value>
            </param>
            <param index="7">
              <value>
                <![CDATA[8060]]>
              </value>
            </param>
            <param index="8">
              <value>
                <![CDATA[restrictedproxy.tycoelectronics.com]]>
              </value>
            </param>
            <param index="9">
              <value>
                <![CDATA[80]]>
              </value>
            </param>
            <param index="10">
              <value>
                <![CDATA[org.testng.TestRunner@41e1455d]]>
              </value>
            </param>
          </params>
          <reporter-output>
          </reporter-output>
        </test-method> <!-- script -->
        <test-method signature="verifyPrimaryImageDisplayed(java.lang.String, java.lang.String, java.lang.String, java.lang.String, java.lang.String, java.lang.String, java.lang.String, java.lang.String, java.lang.String, java.lang.String, java.lang.String, java.lang.String, java.lang.String, java.lang.String, java.lang.String, java.lang.String, java.lang.String, java.lang.String, java.lang.String, java.lang.String, java.lang.String, java.lang.String, java.lang.String, java.lang.String)[pri:0, instance:Modules.TE.Desktop.TestScript.English.PDP.TC_TE_SHOPPING_CART_REG@50029372]" started-at="2022-07-13T18:55:22Z" name="verifyPrimaryImageDisplayed" data-provider="TestData" finished-at="2022-07-13T18:55:26Z" duration-ms="4773" status="PASS">
          <params>
            <param index="0">
              <value>
                <![CDATA[WM-4s]]>
              </value>
            </param>
            <param index="1">
              <value>
                <![CDATA[WM-4s]]>
              </value>
            </param>
            <param index="2">
              <value>
                <![CDATA[1]]>
              </value>
            </param>
            <param index="3">
              <value>
                <![CDATA[1]]>
              </value>
            </param>
            <param index="4">
              <value>
                <![CDATA[anand.bhayre@zensar.com]]>
              </value>
            </param>
            <param index="5">
              <value>
                <![CDATA[Monday2020]]>
              </value>
            </param>
            <param index="6">
              <value>
                <![CDATA[StacyT]]>
              </value>
            </param>
            <param index="7">
              <value>
                <![CDATA[Japt]]>
              </value>
            </param>
            <param index="8">
              <value>
                <![CDATA[8962439554]]>
              </value>
            </param>
            <param index="9">
              <value>
                <![CDATA[xyZ]]>
              </value>
            </param>
            <param index="10">
              <value>
                <![CDATA[Street 33, Lexinton]]>
              </value>
            </param>
            <param index="11">
              <value>
                <![CDATA[Austin]]>
              </value>
            </param>
            <param index="12">
              <value>
                <![CDATA[TX]]>
              </value>
            </param>
            <param index="13">
              <value>
                <![CDATA[73301]]>
              </value>
            </param>
            <param index="14">
              <value>
                <![CDATA[XYA test]]>
              </value>
            </param>
            <param index="15">
              <value>
                <![CDATA[4444424444444440]]>
              </value>
            </param>
            <param index="16">
              <value>
                <![CDATA[Visa]]>
              </value>
            </param>
            <param index="17">
              <value>
                <![CDATA[Feb]]>
              </value>
            </param>
            <param index="18">
              <value>
                <![CDATA[2020]]>
              </value>
            </param>
            <param index="19">
              <value>
                <![CDATA[123]]>
              </value>
            </param>
            <param index="20">
              <value>
                <![CDATA[https://hybris-stage.connect.te.com/backoffice/login.zul]]>
              </value>
            </param>
            <param index="21">
              <value>
                <![CDATA[admin]]>
              </value>
            </param>
            <param index="22">
              <value>
                <![CDATA[nimda]]>
              </value>
            </param>
            <param index="23">
              <value>
                <![CDATA[P.O.Box 249]]>
              </value>
            </param>
          </params>
          <reporter-output>
          </reporter-output>
        </test-method> <!-- verifyPrimaryImageDisplayed -->
        <test-method is-config="true" signature="closeSetup()[pri:0, instance:Modules.TE.Desktop.TestScript.English.PDP.TC_TE_SHOPPING_CART_REG@50029372]" started-at="2022-07-13T18:55:26Z" name="closeSetup" finished-at="2022-07-13T18:55:26Z" duration-ms="0" status="PASS">
          <reporter-output>
          </reporter-output>
        </test-method> <!-- closeSetup -->
      </class> <!-- Modules.TE.Desktop.TestScript.English.PDP.TC_TE_SHOPPING_CART_REG -->
    </test> <!-- TE AutoMation -->
  </suite> <!-- web_testNG -->
</testng-results>
